<?xml version="1.0" encoding="UTF-8"?>
<!-- Generated by org.testng.reporters.JUnitXMLReporter -->
<testsuite ignored="0" hostname="DESKTOP-ELUL0QH" failures="0" tests="2" name="Default test" time="100.763" errors="0" timestamp="2023-01-02T22:09:25 IST">
  <testcase classname="ai.dalalstreet.apps.TestLayer.BuyFunctionalityTest" name="verifyBuyFunctionality" time="15.06"/>
  <testcase classname="ai.dalalstreet.apps.TestLayer.BuyFunctionalityTest" name="verifyByFunctinalityWithLTandCL" time="15.247"/>
</testsuite> <!-- Default test -->
