<?xml version="1.0" encoding="UTF-8"?>
<!-- Generated by org.testng.reporters.JUnitXMLReporter -->
<testsuite ignored="0" hostname="DESKTOP-ELUL0QH" failures="0" tests="9" name="Test" time="455.998" errors="0" timestamp="2023-01-05T20:27:43 IST">
  <testcase classname="ai.dalalstreet.apps.TestLayer.LoginPageTest" name="VerifyLogin" time="0.022"/>
  <testcase classname="ai.dalalstreet.apps.TestLayer.BuyFunctionalityTest" name="verifyBuyFunctionality" time="15.243"/>
  <testcase classname="ai.dalalstreet.apps.TestLayer.BuyFunctionalityTest" name="verifyByFunctinalityWithIntradayandCL" time="15.391"/>
  <testcase classname="ai.dalalstreet.apps.TestLayer.BuyFunctionalityTest" name="verifyByFunctinalityWithIntradayandMarket" time="13.211"/>
  <testcase classname="ai.dalalstreet.apps.TestLayer.BuyFunctionalityTest" name="verifyByFunctinalityWithLTandCL" time="15.372"/>
  <testcase classname="ai.dalalstreet.apps.TestLayer.SellFunctionalityTest" name="verifySellFunctionalityIntradayandCL" time="25.377"/>
  <testcase classname="ai.dalalstreet.apps.TestLayer.SellFunctionalityTest" name="verifySellFunctionalityIntradayandMarket" time="22.169"/>
  <testcase classname="ai.dalalstreet.apps.TestLayer.SellFunctionalityTest" name="verifySellFunctionalityLTandCL" time="25.38"/>
  <testcase classname="ai.dalalstreet.apps.TestLayer.SellFunctionalityTest" name="verifySellFunctionalityLTandMarket" time="22.153"/>
</testsuite> <!-- Test -->
